This is pdfTeX, Version 3.1415926-1.40.10 (TeX Live 2009/Debian) (format=pdflatex 2012.5.16)  2 AUG 2014 18:10
entering extended mode
 %&-line parsing enabled.
**javaplex_tutorial.tex
(./javaplex_tutorial.tex
LaTeX2e <2009/09/24>
Babel <v3.8l> and hyphenation patterns for english, usenglishmax, dumylang, noh
yphenation, loaded.
(/usr/share/texmf-texlive/tex/latex/amscls/amsart.cls
Document Class: amsart 2009/07/02 v2.20.1
\linespacing=\dimen102
\normalparindent=\dimen103
\normaltopskip=\skip41
(/usr/share/texmf-texlive/tex/latex/amsmath/amsmath.sty
Package: amsmath 2000/07/18 v2.13 AMS math features
\@mathmargin=\skip42

For additional information on amsmath, use the `?' option.
(/usr/share/texmf-texlive/tex/latex/amsmath/amstext.sty
Package: amstext 2000/06/29 v2.01

(/usr/share/texmf-texlive/tex/latex/amsmath/amsgen.sty
File: amsgen.sty 1999/11/30 v2.0
\@emptytoks=\toks14
\ex@=\dimen104
))
(/usr/share/texmf-texlive/tex/latex/amsmath/amsbsy.sty
Package: amsbsy 1999/11/29 v1.2d
\pmbraise@=\dimen105
)
(/usr/share/texmf-texlive/tex/latex/amsmath/amsopn.sty
Package: amsopn 1999/12/14 v2.01 operator names
)
\inf@bad=\count79
LaTeX Info: Redefining \frac on input line 211.
\uproot@=\count80
\leftroot@=\count81
LaTeX Info: Redefining \overline on input line 307.
\classnum@=\count82
\DOTSCASE@=\count83
LaTeX Info: Redefining \ldots on input line 379.
LaTeX Info: Redefining \dots on input line 382.
LaTeX Info: Redefining \cdots on input line 467.
\Mathstrutbox@=\box26
\strutbox@=\box27
\big@size=\dimen106
LaTeX Font Info:    Redeclaring font encoding OML on input line 567.
LaTeX Font Info:    Redeclaring font encoding OMS on input line 568.
\macc@depth=\count84
\c@MaxMatrixCols=\count85
\dotsspace@=\muskip10
\c@parentequation=\count86
\dspbrk@lvl=\count87
\tag@help=\toks15
\row@=\count88
\column@=\count89
\maxfields@=\count90
\andhelp@=\toks16
\eqnshift@=\dimen107
\alignsep@=\dimen108
\tagshift@=\dimen109
\tagwidth@=\dimen110
\totwidth@=\dimen111
\lineht@=\dimen112
\@envbody=\toks17
\multlinegap=\skip43
\multlinetaggap=\skip44
\mathdisplay@stack=\toks18
LaTeX Info: Redefining \[ on input line 2666.
LaTeX Info: Redefining \] on input line 2667.
)
LaTeX Font Info:    Try loading font information for U+msa on input line 388.

(/usr/share/texmf-texlive/tex/latex/amsfonts/umsa.fd
File: umsa.fd 2009/06/22 v3.00 AMS symbols A
)
(/usr/share/texmf-texlive/tex/latex/amsfonts/amsfonts.sty
Package: amsfonts 2009/06/22 v3.00 Basic AMSFonts support
\symAMSa=\mathgroup4
\symAMSb=\mathgroup5
LaTeX Font Info:    Overwriting math alphabet `\mathfrak' in version `bold'
(Font)                  U/euf/m/n --> U/euf/b/n on input line 96.
)
\copyins=\insert233
\abstractbox=\box28
\listisep=\skip45
\c@part=\count91
\c@section=\count92
\c@subsection=\count93
\c@subsubsection=\count94
\c@paragraph=\count95
\c@subparagraph=\count96
\c@figure=\count97
\c@table=\count98
\abovecaptionskip=\skip46
\belowcaptionskip=\skip47
\captionindent=\dimen113
\thm@style=\toks19
\thm@bodyfont=\toks20
\thm@headfont=\toks21
\thm@notefont=\toks22
\thm@headpunct=\toks23
\thm@preskip=\skip48
\thm@postskip=\skip49
\thm@headsep=\skip50
\dth@everypar=\toks24
)
(/usr/share/texmf-texlive/tex/latex/preprint/fullpage.sty
Package: fullpage 1999/02/23 1.1 (PWD)
\FP@margin=\skip51
)
(/usr/share/texmf-texlive/tex/latex/amsfonts/amssymb.sty
Package: amssymb 2009/06/22 v3.00
)
(/usr/share/texmf-texlive/tex/latex/base/latexsym.sty
Package: latexsym 1998/08/17 v2.2e Standard LaTeX package (lasy symbols)
\symlasy=\mathgroup6
LaTeX Font Info:    Overwriting symbol font `lasy' in version `bold'
(Font)                  U/lasy/m/n --> U/lasy/b/n on input line 47.
)
(/usr/share/texmf-texlive/tex/latex/pb-diagram/pb-diagram.sty
\dgARROWLENGTH=\skip52
\dgTEXTARROWLENGTH=\skip53
\dgHORIZPAD=\skip54
\dgVERTPAD=\skip55
\dgLABELOFFSET=\skip56
\dgARROWPARTS=\count99
\dgDOTSPACING=\skip57
\dgDOTSIZE=\skip58
\dgMAXSQUARE=\count100
\dgMINDBLSQ=\count101
\dgCOLUMNWIDTH=\skip59
\dg@HORIZ=\count102
\dg@VERT=\count103
\dg@XLPAD=\count104
\dg@YBPAD=\count105
\dg@XRPAD=\count106
\dg@YTPAD=\count107
\dg@X=\count108
\dg@Y=\count109
\dg@XGRID=\count110
\dg@YGRID=\count111
\dg@SIZE=\count112
\dg@USERSIZE=\count113
\dg@DX=\count114
\dg@DY=\count115
\dg@XLBL=\count116
\dg@YLBL=\count117
\dg@XOFFSET=\count118
\dg@YOFFSET=\count119
\dg@LBLOFF=\count120
\dg@XLBLOFF=\count121
\dg@YLBLOFF=\count122
\dg@LBLPOS=\count123
\dg@XTEMP=\count124
\dg@YTEMP=\count125
\dg@ZTEMP=\count126
\dg@XNODE=\count127
\dg@YNODE=\count128
\dg@XEND=\count129
\dg@YEND=\count130
\dg@WEND=\count131
\dg@HEND=\count132
\dg@COUNT=\count133
\dg@NODEBOX=\box29
\dg@LABONEBOX=\box30
\dg@LABTWOBOX=\box31
)
(/usr/share/texmf-texlive/tex/latex/amsfonts/euscript.sty
Package: euscript 2009/06/22 v3.00 Euler Script fonts
LaTeX Font Info:    Overwriting math alphabet `\EuScript' in version `bold'
(Font)                  U/eus/m/n --> U/eus/b/n on input line 33.
)
(/usr/share/texmf-texlive/tex/latex/graphics/graphicx.sty
Package: graphicx 1999/02/16 v1.0f Enhanced LaTeX Graphics (DPC,SPQR)

(/usr/share/texmf-texlive/tex/latex/graphics/keyval.sty
Package: keyval 1999/03/16 v1.13 key=value parser (DPC)
\KV@toks@=\toks25
)
(/usr/share/texmf-texlive/tex/latex/graphics/graphics.sty
Package: graphics 2009/02/05 v1.0o Standard LaTeX Graphics (DPC,SPQR)

(/usr/share/texmf-texlive/tex/latex/graphics/trig.sty
Package: trig 1999/03/16 v1.09 sin cos tan (DPC)
)
(/etc/texmf/tex/latex/config/graphics.cfg
File: graphics.cfg 2009/08/28 v1.8 graphics configuration of TeX Live
)
Package graphics Info: Driver file: pdftex.def on input line 91.

(/usr/share/texmf-texlive/tex/latex/pdftex-def/pdftex.def
File: pdftex.def 2010/03/12 v0.04p Graphics/color for pdfTeX
\Gread@gobject=\count134
))
\Gin@req@height=\dimen114
\Gin@req@width=\dimen115
)
(/usr/share/texmf-texlive/tex/latex/subfigure/subfigure.sty
Package: subfigure 2002/03/15 v2.1.5 subfigure package
\subfigtopskip=\skip60
\subfigcapskip=\skip61
\subfigcaptopadj=\dimen116
\subfigbottomskip=\skip62
\subfigcapmargin=\dimen117
\subfiglabelskip=\skip63
\c@subfigure=\count135
\c@lofdepth=\count136
\c@subtable=\count137
\c@lotdepth=\count138

****************************************
* Local config file subfigure.cfg used *
****************************************
(/usr/share/texmf-texlive/tex/latex/subfigure/subfigure.cfg)
\subfig@top=\skip64
\subfig@bottom=\skip65
)
(/usr/share/texmf-texlive/tex/latex/placeins/placeins.sty
Package: placeins 2005/04/18  v 2.2
)
(/usr/share/texmf-texlive/tex/latex/wrapfig/wrapfig.sty
\wrapoverhang=\dimen118
\WF@size=\dimen119
\c@WF@wrappedlines=\count139
\WF@box=\box32
\WF@everypar=\toks26
Package: wrapfig 2003/01/31  v 3.6
)
(/usr/share/texmf-texlive/tex/latex/hyperref/hyperref.sty
Package: hyperref 2009/10/09 v6.79a Hypertext links for LaTeX

(/usr/share/texmf-texlive/tex/generic/oberdiek/ifpdf.sty
Package: ifpdf 2009/04/10 v2.0 Provides the ifpdf switch (HO)
Package ifpdf Info: pdfTeX in pdf mode detected.
)
(/usr/share/texmf-texlive/tex/generic/oberdiek/ifvtex.sty
Package: ifvtex 2008/11/04 v1.4 Switches for detecting VTeX and its modes (HO)
Package ifvtex Info: VTeX not detected.
)
(/usr/share/texmf-texlive/tex/generic/ifxetex/ifxetex.sty
Package: ifxetex 2009/01/23 v0.5 Provides ifxetex conditional
)
(/usr/share/texmf-texlive/tex/latex/oberdiek/hycolor.sty
Package: hycolor 2009/10/02 v1.5 Code for color options of hyperref/bookmark (H
O)

(/usr/share/texmf-texlive/tex/latex/oberdiek/xcolor-patch.sty
Package: xcolor-patch 2009/10/02 xcolor patch
))
\@linkdim=\dimen120
\Hy@linkcounter=\count140
\Hy@pagecounter=\count141

(/usr/share/texmf-texlive/tex/latex/hyperref/pd1enc.def
File: pd1enc.def 2009/10/09 v6.79a Hyperref: PDFDocEncoding definition (HO)
)
(/usr/share/texmf-texlive/tex/generic/oberdiek/etexcmds.sty
Package: etexcmds 2007/12/12 v1.2 Prefix for e-TeX command names (HO)

(/usr/share/texmf-texlive/tex/generic/oberdiek/infwarerr.sty
Package: infwarerr 2007/09/09 v1.2 Providing info/warning/message (HO)
)
Package etexcmds Info: Could not find \expanded.
(etexcmds)             That can mean that you are not using pdfTeX 1.50 or
(etexcmds)             that some package has redefined \expanded.
(etexcmds)             In the latter case, load this package earlier.
)
(/usr/share/texmf-texlive/tex/latex/latexconfig/hyperref.cfg
File: hyperref.cfg 2002/06/06 v1.2 hyperref configuration of TeXLive
)
(/usr/share/texmf-texlive/tex/latex/oberdiek/kvoptions.sty
Package: kvoptions 2009/08/13 v3.4 Keyval support for LaTeX options (HO)

(/usr/share/texmf-texlive/tex/generic/oberdiek/kvsetkeys.sty
Package: kvsetkeys 2009/07/30 v1.5 Key value parser with default handler suppor
t (HO)
))
Package hyperref Info: Hyper figures OFF on input line 2975.
Package hyperref Info: Link nesting OFF on input line 2980.
Package hyperref Info: Hyper index ON on input line 2983.
Package hyperref Info: Plain pages OFF on input line 2990.
Package hyperref Info: Backreferencing OFF on input line 2995.

Implicit mode ON; LaTeX internals redefined
Package hyperref Info: Bookmarks ON on input line 3191.
(/usr/share/texmf-texlive/tex/latex/ltxmisc/url.sty
\Urlmuskip=\muskip11
Package: url 2006/04/12  ver 3.3  Verb mode for urls, etc.
)
LaTeX Info: Redefining \url on input line 3428.

(/usr/share/texmf-texlive/tex/generic/oberdiek/bitset.sty
Package: bitset 2007/09/28 v1.0 Data type bit set (HO)

(/usr/share/texmf-texlive/tex/generic/oberdiek/intcalc.sty
Package: intcalc 2007/09/27 v1.1 Expandable integer calculations (HO)
)
(/usr/share/texmf-texlive/tex/generic/oberdiek/bigintcalc.sty
Package: bigintcalc 2007/11/11 v1.1 Expandable big integer calculations (HO)

(/usr/share/texmf-texlive/tex/generic/oberdiek/pdftexcmds.sty
Package: pdftexcmds 2009/09/23 v0.6 LuaTeX support for pdfTeX utility functions
 (HO)

(/usr/share/texmf-texlive/tex/generic/oberdiek/ifluatex.sty
Package: ifluatex 2009/04/17 v1.2 Provides the ifluatex switch (HO)
Package ifluatex Info: LuaTeX not detected.
)
(/usr/share/texmf-texlive/tex/generic/oberdiek/ltxcmds.sty
Package: ltxcmds 2009/08/05 v1.0 Some LaTeX kernel commands for general use (HO
)
)
Package pdftexcmds Info: LuaTeX not detected.
Package pdftexcmds Info: \pdf@primitive is available.
Package pdftexcmds Info: \pdf@ifprimitive is available.
)))
\Fld@menulength=\count142
\Field@Width=\dimen121
\Fld@charsize=\dimen122
\Field@toks=\toks27
Package hyperref Info: Hyper figures OFF on input line 4377.
Package hyperref Info: Link nesting OFF on input line 4382.
Package hyperref Info: Hyper index ON on input line 4385.
Package hyperref Info: backreferencing OFF on input line 4392.
Package hyperref Info: Link coloring OFF on input line 4397.
Package hyperref Info: Link coloring with OCG OFF on input line 4402.
Package hyperref Info: PDF/A mode OFF on input line 4407.

(/usr/share/texmf-texlive/tex/generic/oberdiek/atbegshi.sty
Package: atbegshi 2008/07/31 v1.9 At begin shipout hook (HO)
)
\Hy@abspage=\count143
\c@Item=\count144
\c@Hfootnote=\count145
)
*hyperref using default driver hpdftex*
(/usr/share/texmf-texlive/tex/latex/hyperref/hpdftex.def
File: hpdftex.def 2009/10/09 v6.79a Hyperref driver for pdfTeX
\Fld@listcount=\count146
)
(/usr/share/texmf-texlive/tex/latex/appendix/appendix.sty
Package: appendix 2009/09/02 v1.2b extra appendix facilities
\c@@pps=\count147
\c@@ppsavesec=\count148
\c@@ppsaveapp=\count149
)
(/usr/share/texmf-texlive/tex/latex/misc209/multind.sty)
(/usr/share/texmf-texlive/tex/latex/natbib/natbib.sty
Package: natbib 2009/07/16 8.31 (PWD, AO)
\bibhang=\skip66
\bibsep=\skip67
LaTeX Info: Redefining \cite on input line 694.
\c@NAT@ctr=\count150
)
\c@exercise=\count151
\c@exerciseSol=\count152


LaTeX Warning: Unused global option(s):
    [amscd,amssymb,verbatim].

(./javaplex_tutorial.aux)
\openout1 = `javaplex_tutorial.aux'.

LaTeX Font Info:    Checking defaults for OML/cmm/m/it on input line 29.
LaTeX Font Info:    ... okay on input line 29.
LaTeX Font Info:    Checking defaults for T1/cmr/m/n on input line 29.
LaTeX Font Info:    ... okay on input line 29.
LaTeX Font Info:    Checking defaults for OT1/cmr/m/n on input line 29.
LaTeX Font Info:    ... okay on input line 29.
LaTeX Font Info:    Checking defaults for OMS/cmsy/m/n on input line 29.
LaTeX Font Info:    ... okay on input line 29.
LaTeX Font Info:    Checking defaults for OMX/cmex/m/n on input line 29.
LaTeX Font Info:    ... okay on input line 29.
LaTeX Font Info:    Checking defaults for U/cmr/m/n on input line 29.
LaTeX Font Info:    ... okay on input line 29.
LaTeX Font Info:    Checking defaults for PD1/pdf/m/n on input line 29.
LaTeX Font Info:    ... okay on input line 29.
LaTeX Font Info:    Try loading font information for U+msa on input line 29.
 (/usr/share/texmf-texlive/tex/latex/amsfonts/umsa.fd
File: umsa.fd 2009/06/22 v3.00 AMS symbols A
)
LaTeX Font Info:    Try loading font information for U+msb on input line 29.
(/usr/share/texmf-texlive/tex/latex/amsfonts/umsb.fd
File: umsb.fd 2009/06/22 v3.00 AMS symbols B
)
LaTeX Font Info:    Try loading font information for U+lasy on input line 29.

(/usr/share/texmf-texlive/tex/latex/base/ulasy.fd
File: ulasy.fd 1998/08/17 v2.2e LaTeX symbol font definitions
)
(/usr/share/texmf-texlive/tex/context/base/supp-pdf.mkii
[Loading MPS to PDF converter (version 2006.09.02).]
\scratchcounter=\count153
\scratchdimen=\dimen123
\scratchbox=\box33
\nofMPsegments=\count154
\nofMParguments=\count155
\everyMPshowfont=\toks28
\MPscratchCnt=\count156
\MPscratchDim=\dimen124
\MPnumerator=\count157
\everyMPtoPDFconversion=\toks29
)
Package hyperref Info: Link coloring OFF on input line 29.
 (/usr/share/texmf-texlive/tex/latex/hyperref/nameref.sty
Package: nameref 2007/05/29 v2.31 Cross-referencing by name of section

(/usr/share/texmf-texlive/tex/latex/oberdiek/refcount.sty
Package: refcount 2008/08/11 v3.1 Data extraction from references (HO)
)
\c@section@level=\count158
)
LaTeX Info: Redefining \ref on input line 29.
LaTeX Info: Redefining \pageref on input line 29.

(./javaplex_tutorial.out) (./javaplex_tutorial.out)
\@outlinefile=\write3
\openout3 = `javaplex_tutorial.out'.

\AtBeginShipoutBox=\box34
 (./javaplex_tutorial.toc)
\tf@toc=\write4
\openout4 = `javaplex_tutorial.toc'.


[1{/var/lib/texmf/fonts/map/pdftex/updmap/pdftex.map}]
Overfull \hbox (6.01897pt too wide) in paragraph at lines 108--108
 []\OT1/cmtt/m/n/10 ans = Java 1.5.0_13 with Apple Inc.   Java Hotspot(TM) Clie
nt VM mixed mode, sharing[] 
 []


Overfull \hbox (21.75403pt too wide) in paragraph at lines 112--113
\OT1/cmtt/m/n/10 dist$[]\OT1/cmr/m/n/10 . Down-load the zip file con-tain-ing t
he Mat-lab ex-am-ples. It should be called some-thing like \OT1/cmtt/m/n/10 mat
lab-examples-
 []

[2] [3] <s1.pdf, id=247, 371.85866pt x 410.0921pt>
File: s1.pdf Graphic file (type pdf)
 <use s1.pdf> [4] [5 <./s1.pdf>] [6] <houseFig.pdf, id=282, 52.43018pt x 76.495
7pt>
File: houseFig.pdf Graphic file (type pdf)
 <use houseFig.pdf>
Overfull \hbox (47.59558pt too wide) in paragraph at lines 412--412
 []\OT1/cmtt/m/n/10 >> persistence = api.Plex4.getModularSimplicialAlgorithm(3,
 2);[] 
 []

[7 <./houseFig.pdf>] <house.png, id=359, 578.16pt x 433.62pt>
File: house.png Graphic file (type png)
 <use house.png>
[8] [9 <./house.png (PNG copy)>] <houseCoord.pdf, id=370, 602.25pt x 521.95pt>
File: houseCoord.pdf Graphic file (type pdf)

<use houseCoord.pdf> [10 <./houseCoord.pdf>]
Overfull \hbox (16.51888pt too wide) in paragraph at lines 630--630
 []\OT1/cmtt/m/n/10 >> point_cloud = examples.PointCloudExamples.getRandomSpher
eProductPoints(1000, 1, 2);[] 
 []

[11] [12] [13] <ripsHouse.png, id=414, 578.16pt x 433.62pt>
File: ripsHouse.png Graphic file (type png)

<use ripsHouse.png> [14 <./ripsHouse.png (PNG copy)>]
<ripsTorus.png, id=420, 578.16pt x 433.62pt>
File: ripsTorus.png Graphic file (type png)
 <use ripsTorus.png> [15] [16 <./ripsTorus.png (PNG copy)>]
Overfull \hbox (16.51888pt too wide) in paragraph at lines 893--893
 []\OT1/cmtt/m/n/10 >> random_selector = api.Plex4.createRandomSelector(point_c
loud, num_landmark_points);[] 
 []


Overfull \hbox (16.51888pt too wide) in paragraph at lines 893--893
 []\OT1/cmtt/m/n/10 >> maxmin_selector = api.Plex4.createMaxMinSelector(point_c
loud, num_landmark_points);[] 
 []

<fig8lands.PNG, id=435, 449.68pt x 337.26pt>
File: fig8lands.PNG Graphic file (type png)
 <use fig8lands.PNG> [17] [18 <./fig8lands.PNG (PNG copy)>]
Overfull \hbox (32.26874pt too wide) in paragraph at lines 964--964
 []\OT1/cmtt/m/n/10 >> point_cloud = examples.PointCloudExamples.getRandomSpher
eProductPoints(num_points, ...[] 
 []


Overfull \hbox (27.01878pt too wide) in paragraph at lines 964--964
 []\OT1/cmtt/m/n/10 >> landmark_selector = api.Plex4.createMaxMinSelector(point
_cloud, num_landmark_points);[] 
 []

<witnessTorus.png, id=458, 578.16pt x 433.62pt>
File: witnessTorus.png Graphic file (type png)
 <use witnessTorus.png> [19]
[20 <./witnessTorus.png (PNG copy)>]
Overfull \hbox (27.01878pt too wide) in paragraph at lines 1046--1046
 []\OT1/cmtt/m/n/10 >> landmark_selector = api.Plex4.createMaxMinSelector(point
_cloud, num_landmark_points);[] 
 []


Overfull \hbox (48.0186pt too wide) in paragraph at lines 1067--1067
 []\OT1/cmtt/m/n/10 >> stream = streams.impl.LazyWitnessStream(landmark_selecto
r.getUnderlyingMetricSpace(), ...[] 
 []

<lazySphere.png, id=475, 578.16pt x 433.62pt>
File: lazySphere.png Graphic file (type png)
 <use lazySphere.png> [21]
[22 <./lazySphere.png (PNG copy)>]
Overfull \hbox (27.01878pt too wide) in paragraph at lines 1137--1137
 []\OT1/cmtt/m/n/10 >> landmark_selector = api.Plex4.createMaxMinSelector(point
sRange, num_landmark_points);[] 
 []


Overfull \hbox (48.0186pt too wide) in paragraph at lines 1137--1137
 []\OT1/cmtt/m/n/10 >> stream = streams.impl.LazyWitnessStream(landmark_selecto
r.getUnderlyingMetricSpace(), ...[] 
 []

<lazyRange.png, id=505, 578.16pt x 433.62pt>
File: lazyRange.png Graphic file (type png)
 <use lazyRange.png> [23]
<linearGrad.png, id=516, 867.24pt x 281.05pt>
File: linearGrad.png Graphic file (type png)
 <use linearGrad.png>
<r5k300c30.png, id=517, 300.12125pt x 291.0875pt>
File: r5k300c30.png Graphic file (type png)
 <use r5k300c30.png>
<primaryCircle.png, id=518, 337.26pt x 329.23pt>
File: primaryCircle.png Graphic file (type png)
 <use primaryCircle.png>
[24 <./lazyRange.png (PNG copy)> <./linearGrad.png>]
Overfull \hbox (9.18854pt too wide) in paragraph at lines 1195--1196
\OT1/cmr/m/n/10 in-clude javaPlex com-mands in an m-file func-tion, in-clude th
e com-mand \OT1/cmtt/m/n/10 import edu.stanford.math.plex4.*;
 []


Overfull \hbox (11.26892pt too wide) in paragraph at lines 1219--1219
 []\OT1/cmtt/m/n/10 The Euler characteristic is 2 = 8 - 28 + 56 - 70 + 56 - 28 
+ 8, using the alternating[] 
 []


Overfull \hbox (6.01897pt too wide) in paragraph at lines 1219--1219
 []\OT1/cmtt/m/n/10 The Euler characteristic is 2 = 1 - 0 + 0 - 0 + 0 - 0 + 1, 
using the alternating sum[] 
 []

[25 <./r5k300c30.png> <./primaryCircle.png>] [26]
Overfull \hbox (26.71925pt too wide) in paragraph at lines 1344--1345
[]\OT1/cmr/m/n/10 Several ex-er-cise so-lu-tions are ac-com-pa-nied by Mat-lab 
scripts, which are avail-able in the folder []\OT1/cmtt/m/n/10 tutorial[]soluti
ons[]\OT1/cmr/m/n/10 . 
 []

<torus.png, id=562, 456.2646pt x 472.164pt>
File: torus.png Graphic file (type png)
 <use torus.png> [27]
<klein.png, id=570, 456.2646pt x 472.164pt>
File: klein.png Graphic file (type png)
 <use klein.png>
<projPlane.png, id=572, 521.7894pt x 439.4016pt>
File: projPlane.png Graphic file (type png)
 <use projPlane.png> [28 <./torus.png (PNG copy)> <./klein.png (PNG copy)>] [29
 <./projPlane.png (PNG copy)>]
[30] (./javaplex_tutorial.bbl) [31] (./javaplex_tutorial.aux) ) 
Here is how much of TeX's memory you used:
 6621 strings out of 495061
 89816 string characters out of 1182621
 169207 words of memory out of 3000000
 9380 multiletter control sequences out of 15000+50000
 11554 words of font info for 49 fonts, out of 3000000 for 9000
 189 hyphenation exceptions out of 8191
 38i,8n,40p,850b,486s stack positions out of 5000i,500n,10000p,200000b,50000s
</usr/share/texm
f-texlive/fonts/type1/public/amsfonts/cm/cmbx10.pfb></usr/share/texmf-texlive/f
onts/type1/public/amsfonts/cm/cmbx12.pfb></usr/share/texmf-texlive/fonts/type1/
public/amsfonts/cm/cmcsc10.pfb></usr/share/texmf-texlive/fonts/type1/public/ams
fonts/cm/cmex10.pfb></usr/share/texmf-texlive/fonts/type1/public/amsfonts/cm/cm
mi10.pfb></usr/share/texmf-texlive/fonts/type1/public/amsfonts/cm/cmmi5.pfb></u
sr/share/texmf-texlive/fonts/type1/public/amsfonts/cm/cmmi7.pfb></usr/share/tex
mf-texlive/fonts/type1/public/amsfonts/cm/cmmi8.pfb></usr/share/texmf-texlive/f
onts/type1/public/amsfonts/cm/cmr10.pfb></usr/share/texmf-texlive/fonts/type1/p
ublic/amsfonts/cm/cmr6.pfb></usr/share/texmf-texlive/fonts/type1/public/amsfont
s/cm/cmr7.pfb></usr/share/texmf-texlive/fonts/type1/public/amsfonts/cm/cmr8.pfb
></usr/share/texmf-texlive/fonts/type1/public/amsfonts/cm/cmsy10.pfb></usr/shar
e/texmf-texlive/fonts/type1/public/amsfonts/cm/cmsy7.pfb></usr/share/texmf-texl
ive/fonts/type1/public/amsfonts/cm/cmti10.pfb></usr/share/texmf-texlive/fonts/t
ype1/public/amsfonts/cm/cmti8.pfb></usr/share/texmf-texlive/fonts/type1/public/
amsfonts/cm/cmtt10.pfb></usr/share/texmf-texlive/fonts/type1/public/amsfonts/cm
/cmtt8.pfb></usr/share/texmf-texlive/fonts/type1/public/amsfonts/symbols/msbm10
.pfb>
Output written on javaplex_tutorial.pdf (31 pages, 973474 bytes).
PDF statistics:
 710 PDF objects out of 1000 (max. 8388607)
 115 named destinations out of 1000 (max. 500000)
 329 words of extra memory for PDF output out of 10000 (max. 10000000)

