\BOOKMARK [1][-]{section.1}{1. Introduction}{}% 1
\BOOKMARK [2][-]{subsection.1.1}{1.1. Javaplex}{section.1}% 2
\BOOKMARK [2][-]{subsection.1.2}{1.2. License}{section.1}% 3
\BOOKMARK [2][-]{subsection.1.3}{1.3. Installation for Matlab}{section.1}% 4
\BOOKMARK [2][-]{subsection.1.4}{1.4. Accompanying files}{section.1}% 5
\BOOKMARK [1][-]{section.2}{2. Math review}{}% 6
\BOOKMARK [2][-]{subsection.2.1}{2.1. Simplicial complexes}{section.2}% 7
\BOOKMARK [2][-]{subsection.2.2}{2.2. Homology}{section.2}% 8
\BOOKMARK [2][-]{subsection.2.3}{2.3. Filtered simplicial complexes}{section.2}% 9
\BOOKMARK [2][-]{subsection.2.4}{2.4. Persistent homology}{section.2}% 10
\BOOKMARK [1][-]{section.3}{3. Explicit simplex streams}{}% 11
\BOOKMARK [2][-]{subsection.3.1}{3.1. Computing homology}{section.3}% 12
\BOOKMARK [2][-]{subsection.3.2}{3.2. Computing persistent homology}{section.3}% 13
\BOOKMARK [1][-]{section.4}{4. Point cloud data}{}% 14
\BOOKMARK [2][-]{subsection.4.1}{4.1. Euclidean metric spaces}{section.4}% 15
\BOOKMARK [2][-]{subsection.4.2}{4.2. Explicit metric spaces}{section.4}% 16
\BOOKMARK [1][-]{section.5}{5. Streams from point cloud data}{}% 17
\BOOKMARK [2][-]{subsection.5.1}{5.1. Vietoris\205Rips streams}{section.5}% 18
\BOOKMARK [2][-]{subsection.5.2}{5.2. Landmark selection}{section.5}% 19
\BOOKMARK [2][-]{subsection.5.3}{5.3. Witness streams}{section.5}% 20
\BOOKMARK [2][-]{subsection.5.4}{5.4. Lazy witness streams}{section.5}% 21
\BOOKMARK [1][-]{section.6}{6. Examples with real data}{}% 22
\BOOKMARK [2][-]{subsection.6.1}{6.1. Range image patches}{section.6}% 23
\BOOKMARK [2][-]{subsection.6.2}{6.2. Optical image patches}{section.6}% 24
\BOOKMARK [2][-]{subsection.6.3}{6.3. Cyclo-octane molecule conformations}{section.6}% 25
\BOOKMARK [1][-]{section.7}{7. Remarks}{}% 26
\BOOKMARK [2][-]{subsection.7.1}{7.1. Java heap size}{section.7}% 27
\BOOKMARK [2][-]{subsection.7.2}{7.2. Matlab functions with Javaplex commands}{section.7}% 28
\BOOKMARK [2][-]{subsection.7.3}{7.3. Displaying the simplices in a stream}{section.7}% 29
\BOOKMARK [2][-]{subsection.7.4}{7.4. Displaying the boundary matrix of a homology computation}{section.7}% 30
\BOOKMARK [2][-]{subsection.7.5}{7.5. Computing the bottleneck distance}{section.7}% 31
\BOOKMARK [1][-]{section.8}{8. Acknowledgements}{}% 32
\BOOKMARK [1][-]{section*.2}{Appendices}{}% 33
\BOOKMARK [1][-]{appendix.A}{Appendix A. Dense core subsets}{}% 34
\BOOKMARK [1][-]{appendix.B}{Appendix B. Exercise solutions}{}% 35
\BOOKMARK [1][-]{section*.3}{References}{}% 36
